#
# A fatal error has been detected by the Java Runtime Environment:
#
#  SIGSEGV (0xb) at pc=0x0000000000000000, pid=7408, tid=139775582381824
#
# JRE version:  (7.0_45-b18) (build )
# Java VM: Java HotSpot(TM) 64-Bit Server VM (24.45-b08 mixed mode linux-amd64 compressed oops)
# Problematic frame:
# C  0x0000000000000000
#
# Failed to write core dump. Core dumps have been disabled. To enable core dumping, try "ulimit -c unlimited" before starting Java again
#
# If you would like to submit a bug report, please visit:
#   http://bugreport.sun.com/bugreport/crash.jsp
#

---------------  T H R E A D  ---------------

Current thread (0x00007f1e8400a000):  JavaThread "main" [_thread_in_Java, id=7409, stack(0x00007f1e89efa000,0x00007f2009efb000)]

siginfo:si_signo=SIGSEGV: si_errno=0, si_code=1 (SEGV_MAPERR), si_addr=0x0000000000000000

Registers:
RAX=0x0000000000000000, RBX=0x000000077fe145b8, RCX=0x00000007d7000da0, RDX=0x0000000000500001
RSP=0x00007f2009ef88c0, RBP=0x00007f2009ef8910, RSI=0x0000000000000001, RDI=0x00007f1e8400a000
R8 =0x0000000000000006, R9 =0x0000000000005300, R10=0x00007f200b03dc20, R11=0x00007f200a518cf0
R12=0x0000000000000000, R13=0x00007f2009ef88c8, R14=0x00007f2009ef8918, R15=0x00007f1e8400a000
RIP=0x0000000000000000, EFLAGS=0x0000000000010246, CSGSFS=0x0000000000000033, ERR=0x0000000000000014
  TRAPNO=0x000000000000000e

Top of Stack: (sp=0x00007f2009ef88c0)
0x00007f2009ef88c0:   00007f1e81006350 00000007d7000da0
0x00007f2009ef88d0:   00007f2009ef88d0 000000077fe22d0b
0x00007f2009ef88e0:   00007f2009ef8918 000000077fea4010
0x00007f2009ef88f0:   0000000000000000 000000077fe22d48
0x00007f2009ef8900:   00007f2009ef88c8 00007f2009ef8920
0x00007f2009ef8910:   00007f2009ef8980 00007f1e8100050b
0x00007f2009ef8920:   00007fff00001fa0 00007f2009ef8b20
0x00007f2009ef8930:   00007f2009ef8a00 00007f2009ef8aa0
0x00007f2009ef8940:   00007f1e8400a000 00007f1e8400a9d8
0x00007f2009ef8950:   00007f2009ef89c0 00007f2009ef8b28
0x00007f2009ef8960:   00007f1e0000000a 000000077fe22d48
0x00007f2009ef8970:   00007f1e81010e40 00007f2009ef8aa8
0x00007f2009ef8980:   00007f2009ef8a70 00007f200a7f8485
0x00007f2009ef8990:   00007f1e00000000 00007f1e8400a000
0x00007f2009ef89a0:   00007f1e8400a928 00007f2009ef89c0
0x00007f2009ef89b0:   00007f1e81010e40 000000000000000a
0x00007f2009ef89c0:   00007f1e8400a000 00007f1e84073ac0
0x00007f2009ef89d0:   000000077fe22d48 0000000000000000
0x00007f2009ef89e0:   00007f2009ef93b0 00007f1e81013aaa
0x00007f2009ef89f0:   00007f2009ef9400 00007f2009ef8b20
0x00007f2009ef8a00:   00007f1e8400a000 00007f1e84007230
0x00007f2009ef8a10:   00007f1e8400a820 00007f1e8400a9e0
0x00007f2009ef8a20:   00007f1e8400ac08 00000000000003d8
0x00007f2009ef8a30:   00007f2009ef8c40 00007f200bad3ed0
0x00007f2009ef8a40:   00007f200bad24a0 000000077fe22d48
0x00007f2009ef8a50:   00007f1e8400a000 00007f2009ef8bd0
0x00007f2009ef8a60:   000000077fe02b68 00007f2009ef8b50
0x00007f2009ef8a70:   00007f2009ef8a90 00007f200a7f6ee8
0x00007f2009ef8a80:   000000077fe22d48 00007f1e8400a9d8
0x00007f2009ef8a90:   00007f2009ef8b40 00007f200a7b8eca
0x00007f2009ef8aa0:   00007f1e84007200 00007f2009ef8ae0
0x00007f2009ef8ab0:   00007fff315fed01 0000000000000000 

Instructions: (pc=0x0000000000000000)
0xffffffffffffffe0:   

Register to memory mapping:

RAX=0x0000000000000000 is an unknown value
RBX=0x000000077fe145b8 is an oop
{method} 
 - klass: {other class}
RCX=0x00000007d7000da0 is an oop
java.lang.Class 
 - klass: 'java/lang/Class'
RDX=0x0000000000500001 is an unknown value
RSP=0x00007f2009ef88c0 is pointing into the stack for thread: 0x00007f1e8400a000
RBP=0x00007f2009ef8910 is pointing into the stack for thread: 0x00007f1e8400a000
RSI=0x0000000000000001 is an unknown value
RDI=0x00007f1e8400a000 is a thread
R8 =0x0000000000000006 is an unknown value
R9 =0x0000000000005300 is an unknown value
R10=0x00007f200b03dc20: <offset 0xe3dc20> in /home/brent/Programs/Java/jdk1.7.0_45/jre/lib/amd64/server/libjvm.so at 0x00007f200a200000
R11=0x00007f200a518cf0: <offset 0x318cf0> in /home/brent/Programs/Java/jdk1.7.0_45/jre/lib/amd64/server/libjvm.so at 0x00007f200a200000
R12=0x0000000000000000 is an unknown value
R13=0x00007f2009ef88c8 is pointing into the stack for thread: 0x00007f1e8400a000
R14=0x00007f2009ef8918 is pointing into the stack for thread: 0x00007f1e8400a000
R15=0x00007f1e8400a000 is a thread


Stack: [0x00007f1e89efa000,0x00007f2009efb000],  sp=0x00007f2009ef88c0,  free space=6291450k

---------------  P R O C E S S  ---------------

Java Threads: ( => current thread )
=>0x00007f1e8400a000 JavaThread "main" [_thread_in_Java, id=7409, stack(0x00007f1e89efa000,0x00007f2009efb000)]

Other Threads:
  0x00007f1e84072000 VMThread [stack: 0x00007f1e6ac27000,0x00007f1e6ad28000] [id=7418]

VM state:not at safepoint (normal execution)

VM Mutex/Monitor currently owned by a thread: None

Heap
 PSYoungGen      total 36864K, used 634K [0x00000007d7000000, 0x00000007d9900000, 0x0000000800000000)
  eden space 31744K, 2% used [0x00000007d7000000,0x00000007d709ebf0,0x00000007d8f00000)
  from space 5120K, 0% used [0x00000007d9400000,0x00000007d9400000,0x00000007d9900000)
  to   space 5120K, 0% used [0x00000007d8f00000,0x00000007d8f00000,0x00000007d9400000)
 ParOldGen       total 83968K, used 0K [0x0000000785000000, 0x000000078a200000, 0x00000007d7000000)
  object space 83968K, 0% used [0x0000000785000000,0x0000000785000000,0x000000078a200000)
 PSPermGen       total 21504K, used 790K [0x000000077fe00000, 0x0000000781300000, 0x0000000785000000)
  object space 21504K, 3% used [0x000000077fe00000,0x000000077fec5968,0x0000000781300000)

Card table byte_map: [0x00007f1e88a60000,0x00007f1e88e62000] byte_map_base: 0x00007f1e84e61000

Polling page: 0x00007f200bc86000

Code Cache  [0x00007f1e81000000, 0x00007f1e81270000, 0x00007f1e84000000)
 total_blobs=61 nmethods=0 adapters=38 free_code_cache=48824Kb largest_free_block=49996032

Compilation events (0 events):
No events

GC Heap History (0 events):
No events

Deoptimization events (0 events):
No events

Internal exceptions (0 events):
No events

Events (10 events):
Event: 0.021 loading class 0x00007f200bad0900 done
Event: 0.021 loading class 0x00007f200bad08e0 done
Event: 0.021 loading class 0x00007f200badcdf0
Event: 0.021 loading class 0x00007f200badcdf0 done
Event: 0.021 loading class 0x00007f200bad9a70
Event: 0.021 loading class 0x00007f200bad9a70 done
Event: 0.021 loading class 0x00007f200bae1760
Event: 0.021 loading class 0x00007f200bae1760 done
Event: 0.021 loading class 0x00007f200bae1790
Event: 0.021 loading class 0x00007f200bae1790 done


Dynamic libraries:
00400000-00401000 r-xp 00000000 08:05 394382                             /home/brent/Programs/Java/jdk1.7.0_45/bin/java
00600000-00601000 rw-p 00000000 08:05 394382                             /home/brent/Programs/Java/jdk1.7.0_45/bin/java
006e4000-00705000 rw-p 00000000 00:00 0                                  [heap]
77fe00000-781300000 rw-p 00000000 00:00 0 
781300000-785000000 rw-p 00000000 00:00 0 
785000000-78a200000 rw-p 00000000 00:00 0 
78a200000-7d7000000 rw-p 00000000 00:00 0 
7d7000000-7d9900000 rw-p 00000000 00:00 0 
7d9900000-800000000 rw-p 00000000 00:00 0 
7f1e50000000-7f1e50021000 rw-p 00000000 00:00 0 
7f1e50021000-7f1e54000000 ---p 00000000 00:00 0 
7f1e57ff0000-7f1e5c000000 rw-p 00000000 00:00 0 
7f1e5c000000-7f1e5c021000 rw-p 00000000 00:00 0 
7f1e5c021000-7f1e60000000 ---p 00000000 00:00 0 
7f1e60000000-7f1e60021000 rw-p 00000000 00:00 0 
7f1e60021000-7f1e64000000 ---p 00000000 00:00 0 
7f1e64000000-7f1e64021000 rw-p 00000000 00:00 0 
7f1e64021000-7f1e68000000 ---p 00000000 00:00 0 
7f1e6ac27000-7f1e6ac28000 ---p 00000000 00:00 0 
7f1e6ac28000-7f1e6c000000 rw-p 00000000 00:00 0                          [stack:7418]
7f1e6c000000-7f1e6c021000 rw-p 00000000 00:00 0 
7f1e6c021000-7f1e70000000 ---p 00000000 00:00 0 
7f1e70000000-7f1e70021000 rw-p 00000000 00:00 0 
7f1e70021000-7f1e74000000 ---p 00000000 00:00 0 
7f1e74000000-7f1e74021000 rw-p 00000000 00:00 0 
7f1e74021000-7f1e78000000 ---p 00000000 00:00 0 
7f1e78000000-7f1e78021000 rw-p 00000000 00:00 0 
7f1e78021000-7f1e7c000000 ---p 00000000 00:00 0 
7f1e7c000000-7f1e7c021000 rw-p 00000000 00:00 0 
7f1e7c021000-7f1e80000000 ---p 00000000 00:00 0 
7f1e80018000-7f1e80942000 rw-p 00000000 00:00 0 
7f1e80942000-7f1e80afe000 r--s 039b2000 08:05 394911                     /home/brent/Programs/Java/jdk1.7.0_45/jre/lib/rt.jar
7f1e80afe000-7f1e80eff000 rw-p 00000000 00:00 0 
7f1e80eff000-7f1e80f00000 ---p 00000000 00:00 0 
7f1e80f00000-7f1e81000000 rw-p 00000000 00:00 0                          [stack:7417]
7f1e81000000-7f1e81270000 rwxp 00000000 00:00 0 
7f1e81270000-7f1e84077000 rw-p 00000000 00:00 0 
7f1e84077000-7f1e88000000 ---p 00000000 00:00 0 
7f1e88008000-7f1e880c9000 rw-p 00000000 00:00 0 
7f1e880c9000-7f1e880ca000 ---p 00000000 00:00 0 
7f1e880ca000-7f1e881ca000 rw-p 00000000 00:00 0                          [stack:7416]
7f1e881ca000-7f1e881cb000 ---p 00000000 00:00 0 
7f1e881cb000-7f1e882cb000 rw-p 00000000 00:00 0                          [stack:7415]
7f1e882cb000-7f1e882cc000 ---p 00000000 00:00 0 
7f1e882cc000-7f1e883cc000 rw-p 00000000 00:00 0                          [stack:7414]
7f1e883cc000-7f1e883cd000 ---p 00000000 00:00 0 
7f1e883cd000-7f1e884cd000 rw-p 00000000 00:00 0                          [stack:7413]
7f1e884cd000-7f1e884ce000 ---p 00000000 00:00 0 
7f1e884ce000-7f1e885ce000 rw-p 00000000 00:00 0                          [stack:7412]
7f1e885ce000-7f1e885cf000 ---p 00000000 00:00 0 
7f1e885cf000-7f1e886cf000 rw-p 00000000 00:00 0                          [stack:7411]
7f1e886cf000-7f1e886d0000 ---p 00000000 00:00 0 
7f1e886d0000-7f1e887f9000 rw-p 00000000 00:00 0                          [stack:7410]
7f1e887f9000-7f1e88a60000 rw-p 00000000 00:00 0 
7f1e88a60000-7f1e88a6b000 rw-p 00000000 00:00 0 
7f1e88a6b000-7f1e88a89000 rw-p 00000000 00:00 0 
7f1e88a89000-7f1e88ab2000 rw-p 00000000 00:00 0 
7f1e88ab2000-7f1e88d19000 rw-p 00000000 00:00 0 
7f1e88d19000-7f1e88d2e000 rw-p 00000000 00:00 0 
7f1e88d2e000-7f1e88e61000 rw-p 00000000 00:00 0 
7f1e88e61000-7f1e88e62000 rw-p 00000000 00:00 0 
7f1e88e62000-7f1e88e7c000 r-xp 00000000 08:05 395172                     /home/brent/Programs/Java/jdk1.7.0_45/jre/lib/amd64/libzip.so
7f1e88e7c000-7f1e8907c000 ---p 0001a000 08:05 395172                     /home/brent/Programs/Java/jdk1.7.0_45/jre/lib/amd64/libzip.so
7f1e8907c000-7f1e8907d000 rw-p 0001a000 08:05 395172                     /home/brent/Programs/Java/jdk1.7.0_45/jre/lib/amd64/libzip.so
7f1e8907d000-7f1e89089000 r-xp 00000000 08:05 1212092                    /lib/x86_64-linux-gnu/libnss_files-2.17.so
7f1e89089000-7f1e89288000 ---p 0000c000 08:05 1212092                    /lib/x86_64-linux-gnu/libnss_files-2.17.so
7f1e89288000-7f1e89289000 r--p 0000b000 08:05 1212092                    /lib/x86_64-linux-gnu/libnss_files-2.17.so
7f1e89289000-7f1e8928a000 rw-p 0000c000 08:05 1212092                    /lib/x86_64-linux-gnu/libnss_files-2.17.so
7f1e8928a000-7f1e89295000 r-xp 00000000 08:05 1212099                    /lib/x86_64-linux-gnu/libnss_nis-2.17.so
7f1e89295000-7f1e89494000 ---p 0000b000 08:05 1212099                    /lib/x86_64-linux-gnu/libnss_nis-2.17.so
7f1e89494000-7f1e89495000 r--p 0000a000 08:05 1212099                    /lib/x86_64-linux-gnu/libnss_nis-2.17.so
7f1e89495000-7f1e89496000 rw-p 0000b000 08:05 1212099                    /lib/x86_64-linux-gnu/libnss_nis-2.17.so
7f1e89496000-7f1e894ad000 r-xp 00000000 08:05 1212088                    /lib/x86_64-linux-gnu/libnsl-2.17.so
7f1e894ad000-7f1e896ac000 ---p 00017000 08:05 1212088                    /lib/x86_64-linux-gnu/libnsl-2.17.so
7f1e896ac000-7f1e896ad000 r--p 00016000 08:05 1212088                    /lib/x86_64-linux-gnu/libnsl-2.17.so
7f1e896ad000-7f1e896ae000 rw-p 00017000 08:05 1212088                    /lib/x86_64-linux-gnu/libnsl-2.17.so
7f1e896ae000-7f1e896b0000 rw-p 00000000 00:00 0 
7f1e896b0000-7f1e896b8000 r-xp 00000000 08:05 1212101                    /lib/x86_64-linux-gnu/libnss_compat-2.17.so
7f1e896b8000-7f1e898b7000 ---p 00008000 08:05 1212101                    /lib/x86_64-linux-gnu/libnss_compat-2.17.so
7f1e898b7000-7f1e898b8000 r--p 00007000 08:05 1212101                    /lib/x86_64-linux-gnu/libnss_compat-2.17.so
7f1e898b8000-7f1e898b9000 rw-p 00008000 08:05 1212101                    /lib/x86_64-linux-gnu/libnss_compat-2.17.so
7f1e898b9000-7f1e898e2000 r-xp 00000000 08:05 395163                     /home/brent/Programs/Java/jdk1.7.0_45/jre/lib/amd64/libjava.so
7f1e898e2000-7f1e89ae2000 ---p 00029000 08:05 395163                     /home/brent/Programs/Java/jdk1.7.0_45/jre/lib/amd64/libjava.so
7f1e89ae2000-7f1e89ae4000 rw-p 00029000 08:05 395163                     /home/brent/Programs/Java/jdk1.7.0_45/jre/lib/amd64/libjava.so
7f1e89ae4000-7f1e89af1000 r-xp 00000000 08:05 395152                     /home/brent/Programs/Java/jdk1.7.0_45/jre/lib/amd64/libverify.so
7f1e89af1000-7f1e89cf0000 ---p 0000d000 08:05 395152                     /home/brent/Programs/Java/jdk1.7.0_45/jre/lib/amd64/libverify.so
7f1e89cf0000-7f1e89cf2000 rw-p 0000c000 08:05 395152                     /home/brent/Programs/Java/jdk1.7.0_45/jre/lib/amd64/libverify.so
7f1e89cf2000-7f1e89cf9000 r-xp 00000000 08:05 1212095                    /lib/x86_64-linux-gnu/librt-2.17.so
7f1e89cf9000-7f1e89ef8000 ---p 00007000 08:05 1212095                    /lib/x86_64-linux-gnu/librt-2.17.so
7f1e89ef8000-7f1e89ef9000 r--p 00006000 08:05 1212095                    /lib/x86_64-linux-gnu/librt-2.17.so
7f1e89ef9000-7f1e89efa000 rw-p 00007000 08:05 1212095                    /lib/x86_64-linux-gnu/librt-2.17.so
7f1e89efa000-7f1e89efd000 ---p 00000000 00:00 0 
7f1e89efd000-7f2009efb000 rw-p 00000000 00:00 0                          [stack:7409]
7f2009efb000-7f2009ffe000 r-xp 00000000 08:05 1212100                    /lib/x86_64-linux-gnu/libm-2.17.so
7f2009ffe000-7f200a1fe000 ---p 00103000 08:05 1212100                    /lib/x86_64-linux-gnu/libm-2.17.so
7f200a1fe000-7f200a1ff000 r--p 00103000 08:05 1212100                    /lib/x86_64-linux-gnu/libm-2.17.so
7f200a1ff000-7f200a200000 rw-p 00104000 08:05 1212100                    /lib/x86_64-linux-gnu/libm-2.17.so
7f200a200000-7f200ad62000 r-xp 00000000 08:05 395170                     /home/brent/Programs/Java/jdk1.7.0_45/jre/lib/amd64/server/libjvm.so
7f200ad62000-7f200af62000 ---p 00b62000 08:05 395170                     /home/brent/Programs/Java/jdk1.7.0_45/jre/lib/amd64/server/libjvm.so
7f200af62000-7f200b025000 rw-p 00b62000 08:05 395170                     /home/brent/Programs/Java/jdk1.7.0_45/jre/lib/amd64/server/libjvm.so
7f200b025000-7f200b066000 rw-p 00000000 00:00 0 
7f200b066000-7f200b225000 r-xp 00000000 08:05 1212103                    /lib/x86_64-linux-gnu/libc-2.17.so
7f200b225000-7f200b424000 ---p 001bf000 08:05 1212103                    /lib/x86_64-linux-gnu/libc-2.17.so
7f200b424000-7f200b428000 r--p 001be000 08:05 1212103                    /lib/x86_64-linux-gnu/libc-2.17.so
7f200b428000-7f200b42a000 rw-p 001c2000 08:05 1212103                    /lib/x86_64-linux-gnu/libc-2.17.so
7f200b42a000-7f200b42f000 rw-p 00000000 00:00 0 
7f200b42f000-7f200b432000 r-xp 00000000 08:05 1212091                    /lib/x86_64-linux-gnu/libdl-2.17.so
7f200b432000-7f200b631000 ---p 00003000 08:05 1212091                    /lib/x86_64-linux-gnu/libdl-2.17.so
7f200b631000-7f200b632000 r--p 00002000 08:05 1212091                    /lib/x86_64-linux-gnu/libdl-2.17.so
7f200b632000-7f200b633000 rw-p 00003000 08:05 1212091                    /lib/x86_64-linux-gnu/libdl-2.17.so
7f200b633000-7f200b649000 r-xp 00000000 08:05 393993                     /home/brent/Programs/Java/jdk1.7.0_45/lib/amd64/jli/libjli.so
7f200b649000-7f200b849000 ---p 00016000 08:05 393993                     /home/brent/Programs/Java/jdk1.7.0_45/lib/amd64/jli/libjli.so
7f200b849000-7f200b84a000 rw-p 00016000 08:05 393993                     /home/brent/Programs/Java/jdk1.7.0_45/lib/amd64/jli/libjli.so
7f200b84a000-7f200b862000 r-xp 00000000 08:05 1212089                    /lib/x86_64-linux-gnu/libpthread-2.17.so
7f200b862000-7f200ba61000 ---p 00018000 08:05 1212089                    /lib/x86_64-linux-gnu/libpthread-2.17.so
7f200ba61000-7f200ba62000 r--p 00017000 08:05 1212089                    /lib/x86_64-linux-gnu/libpthread-2.17.so
7f200ba62000-7f200ba63000 rw-p 00018000 08:05 1212089                    /lib/x86_64-linux-gnu/libpthread-2.17.so
7f200ba63000-7f200ba67000 rw-p 00000000 00:00 0 
7f200ba67000-7f200ba8a000 r-xp 00000000 08:05 1212082                    /lib/x86_64-linux-gnu/ld-2.17.so
7f200ba8e000-7f200bb87000 rw-p 00000000 00:00 0 
7f200bb87000-7f200bba5000 rw-p 00000000 00:00 0 
7f200bba5000-7f200bbaf000 rw-p 00000000 00:00 0 
7f200bbaf000-7f200bc65000 rw-p 00000000 00:00 0 
7f200bc65000-7f200bc69000 rw-p 00000000 00:00 0 
7f200bc7d000-7f200bc85000 rw-s 00000000 08:05 1061283                    /tmp/hsperfdata_brent/7408
7f200bc85000-7f200bc86000 rw-p 00000000 00:00 0 
7f200bc86000-7f200bc87000 r--p 00000000 00:00 0 
7f200bc87000-7f200bc89000 rw-p 00000000 00:00 0 
7f200bc89000-7f200bc8a000 r--p 00022000 08:05 1212082                    /lib/x86_64-linux-gnu/ld-2.17.so
7f200bc8a000-7f200bc8c000 rw-p 00023000 08:05 1212082                    /lib/x86_64-linux-gnu/ld-2.17.so
7fff315c1000-7fff315e2000 rw-p 00000000 00:00 0                          [stack]
7fff315fe000-7fff31600000 r-xp 00000000 00:00 0                          [vdso]
ffffffffff600000-ffffffffff601000 r-xp 00000000 00:00 0                  [vsyscall]

VM Arguments:
jvm_args: -Xss6g 
java_command: opgave15_6_it
Launcher Type: SUN_STANDARD

Environment Variables:
JAVA_HOME=/home/brent/Programs/Java/jdk1.7.0_45
CLASSPATH=/home/brent/Programs/Java/javautils//tio.jar:.:/home/brent/Programs/Java/javautils//tio.jar:.:/home/brent/Programs/Java/javautils//tio.jar:.:
PATH=/home/brent/Programs/Java/jdk1.7.0_45/bin:/home/brent/Programs/Java/jdk1.7.0_45/bin:/home/brent/Programs/Java/jdk1.7.0_45/bin:/usr/local/sbin:/usr/local/bin:/usr/sbin:/usr/bin:/sbin:/bin:/usr/games:/usr/local/games
USERNAME=brent
SHELL=/bin/bash
DISPLAY=:0

Signal Handlers:
SIGSEGV: [libjvm.so+0x9935b0], sa_mask[0]=0x7ffbfeff, sa_flags=0x10000004
SIGBUS: [libjvm.so+0x9935b0], sa_mask[0]=0x7ffbfeff, sa_flags=0x10000004
SIGFPE: [libjvm.so+0x810330], sa_mask[0]=0x7ffbfeff, sa_flags=0x10000004
SIGPIPE: [libjvm.so+0x810330], sa_mask[0]=0x7ffbfeff, sa_flags=0x10000004
SIGXFSZ: [libjvm.so+0x810330], sa_mask[0]=0x7ffbfeff, sa_flags=0x10000004
SIGILL: [libjvm.so+0x810330], sa_mask[0]=0x7ffbfeff, sa_flags=0x10000004
SIGUSR1: SIG_DFL, sa_mask[0]=0x00000000, sa_flags=0x00000000
SIGUSR2: [libjvm.so+0x811820], sa_mask[0]=0x00000000, sa_flags=0x10000004
SIGHUP: SIG_DFL, sa_mask[0]=0x00000000, sa_flags=0x00000000
SIGINT: SIG_DFL, sa_mask[0]=0x00000000, sa_flags=0x00000000
SIGTERM: SIG_DFL, sa_mask[0]=0x00000000, sa_flags=0x00000000
SIGQUIT: SIG_DFL, sa_mask[0]=0x00000000, sa_flags=0x00000000


---------------  S Y S T E M  ---------------

OS:wheezy/sid

uname:Linux 3.8.0-19-generic #29-Ubuntu SMP Wed Apr 17 18:16:28 UTC 2013 x86_64
libc:glibc 2.17 NPTL 2.17 
rlimit: STACK 8192k, CORE 0k, NPROC 62135, NOFILE 4096, AS infinity
load average:0.08 0.20 0.23

/proc/meminfo:
MemTotal:        8055368 kB
MemFree:         4915252 kB
Buffers:          787416 kB
Cached:          1529736 kB
SwapCached:            0 kB
Active:          1220744 kB
Inactive:        1699956 kB
Active(anon):     606064 kB
Inactive(anon):   337772 kB
Active(file):     614680 kB
Inactive(file):  1362184 kB
Unevictable:           0 kB
Mlocked:               0 kB
SwapTotal:       7811068 kB
SwapFree:        7811068 kB
Dirty:                60 kB
Writeback:             0 kB
AnonPages:        603632 kB
Mapped:           226168 kB
Shmem:            340292 kB
Slab:             116664 kB
SReclaimable:      85624 kB
SUnreclaim:        31040 kB
KernelStack:        3504 kB
PageTables:        21608 kB
NFS_Unstable:          0 kB
Bounce:                0 kB
WritebackTmp:          0 kB
CommitLimit:    11838752 kB
Committed_AS:    9747572 kB
VmallocTotal:   34359738367 kB
VmallocUsed:      824268 kB
VmallocChunk:   34358906364 kB
HardwareCorrupted:     0 kB
AnonHugePages:         0 kB
HugePages_Total:       0
HugePages_Free:        0
HugePages_Rsvd:        0
HugePages_Surp:        0
Hugepagesize:       2048 kB
DirectMap4k:       81920 kB
DirectMap2M:     1923072 kB
DirectMap1G:     6291456 kB


CPU:total 8 (4 cores per cpu, 2 threads per core) family 6 model 60 stepping 3, cmov, cx8, fxsr, mmx, sse, sse2, sse3, ssse3, sse4.1, sse4.2, popcnt, avx, avx2, aes, erms, ht, tsc, tscinvbit

/proc/cpuinfo:
processor	: 0
vendor_id	: GenuineIntel
cpu family	: 6
model		: 60
model name	: Intel(R) Core(TM) i7-4702MQ CPU @ 2.20GHz
stepping	: 3
microcode	: 0x16
cpu MHz		: 2201.000
cache size	: 6144 KB
physical id	: 0
siblings	: 8
core id		: 0
cpu cores	: 4
apicid		: 0
initial apicid	: 0
fpu		: yes
fpu_exception	: yes
cpuid level	: 13
wp		: yes
flags		: fpu vme de pse tsc msr pae mce cx8 apic sep mtrr pge mca cmov pat pse36 clflush dts acpi mmx fxsr sse sse2 ss ht tm pbe syscall nx pdpe1gb rdtscp lm constant_tsc arch_perfmon pebs bts rep_good nopl xtopology nonstop_tsc aperfmperf eagerfpu pni pclmulqdq dtes64 monitor ds_cpl vmx est tm2 ssse3 fma cx16 xtpr pdcm pcid sse4_1 sse4_2 movbe popcnt tsc_deadline_timer aes xsave avx f16c rdrand lahf_lm abm ida arat epb xsaveopt pln pts dtherm tpr_shadow vnmi flexpriority ept vpid fsgsbase tsc_adjust bmi1 avx2 smep bmi2 erms invpcid
bogomips	: 4390.21
clflush size	: 64
cache_alignment	: 64
address sizes	: 39 bits physical, 48 bits virtual
power management:

processor	: 1
vendor_id	: GenuineIntel
cpu family	: 6
model		: 60
model name	: Intel(R) Core(TM) i7-4702MQ CPU @ 2.20GHz
stepping	: 3
microcode	: 0x16
cpu MHz		: 800.000
cache size	: 6144 KB
physical id	: 0
siblings	: 8
core id		: 0
cpu cores	: 4
apicid		: 1
initial apicid	: 1
fpu		: yes
fpu_exception	: yes
cpuid level	: 13
wp		: yes
flags		: fpu vme de pse tsc msr pae mce cx8 apic sep mtrr pge mca cmov pat pse36 clflush dts acpi mmx fxsr sse sse2 ss ht tm pbe syscall nx pdpe1gb rdtscp lm constant_tsc arch_perfmon pebs bts rep_good nopl xtopology nonstop_tsc aperfmperf eagerfpu pni pclmulqdq dtes64 monitor ds_cpl vmx est tm2 ssse3 fma cx16 xtpr pdcm pcid sse4_1 sse4_2 movbe popcnt tsc_deadline_timer aes xsave avx f16c rdrand lahf_lm abm ida arat epb xsaveopt pln pts dtherm tpr_shadow vnmi flexpriority ept vpid fsgsbase tsc_adjust bmi1 avx2 smep bmi2 erms invpcid
bogomips	: 4390.21
clflush size	: 64
cache_alignment	: 64
address sizes	: 39 bits physical, 48 bits virtual
power management:

processor	: 2
vendor_id	: GenuineIntel
cpu family	: 6
model		: 60
model name	: Intel(R) Core(TM) i7-4702MQ CPU @ 2.20GHz
stepping	: 3
microcode	: 0x16
cpu MHz		: 800.000
cache size	: 6144 KB
physical id	: 0
siblings	: 8
core id		: 1
cpu cores	: 4
apicid		: 2
initial apicid	: 2
fpu		: yes
fpu_exception	: yes
cpuid level	: 13
wp		: yes
flags		: fpu vme de pse tsc msr pae mce cx8 apic sep mtrr pge mca cmov pat pse36 clflush dts acpi mmx fxsr sse sse2 ss ht tm pbe syscall nx pdpe1gb rdtscp lm constant_tsc arch_perfmon pebs bts rep_good nopl xtopology nonstop_tsc aperfmperf eagerfpu pni pclmulqdq dtes64 monitor ds_cpl vmx est tm2 ssse3 fma cx16 xtpr pdcm pcid sse4_1 sse4_2 movbe popcnt tsc_deadline_timer aes xsave avx f16c rdrand lahf_lm abm ida arat epb xsaveopt pln pts dtherm tpr_shadow vnmi flexpriority ept vpid fsgsbase tsc_adjust bmi1 avx2 smep bmi2 erms invpcid
bogomips	: 4390.21
clflush size	: 64
cache_alignment	: 64
address sizes	: 39 bits physical, 48 bits virtual
power management:

processor	: 3
vendor_id	: GenuineIntel
cpu family	: 6
model		: 60
model name	: Intel(R) Core(TM) i7-4702MQ CPU @ 2.20GHz
stepping	: 3
microcode	: 0x16
cpu MHz		: 800.000
cache size	: 6144 KB
physical id	: 0
siblings	: 8
core id		: 1
cpu cores	: 4
apicid		: 3
initial apicid	: 3
fpu		: yes
fpu_exception	: yes
cpuid level	: 13
wp		: yes
flags		: fpu vme de pse tsc msr pae mce cx8 apic sep mtrr pge mca cmov pat pse36 clflush dts acpi mmx fxsr sse sse2 ss ht tm pbe syscall nx pdpe1gb rdtscp lm constant_tsc arch_perfmon pebs bts rep_good nopl xtopology nonstop_tsc aperfmperf eagerfpu pni pclmulqdq dtes64 monitor ds_cpl vmx est tm2 ssse3 fma cx16 xtpr pdcm pcid sse4_1 sse4_2 movbe popcnt tsc_deadline_timer aes xsave avx f16c rdrand lahf_lm abm ida arat epb xsaveopt pln pts dtherm tpr_shadow vnmi flexpriority ept vpid fsgsbase tsc_adjust bmi1 avx2 smep bmi2 erms invpcid
bogomips	: 4390.21
clflush size	: 64
cache_alignment	: 64
address sizes	: 39 bits physical, 48 bits virtual
power management:

processor	: 4
vendor_id	: GenuineIntel
cpu family	: 6
model		: 60
model name	: Intel(R) Core(TM) i7-4702MQ CPU @ 2.20GHz
stepping	: 3
microcode	: 0x16
cpu MHz		: 800.000
cache size	: 6144 KB
physical id	: 0
siblings	: 8
core id		: 2
cpu cores	: 4
apicid		: 4
initial apicid	: 4
fpu		: yes
fpu_exception	: yes
cpuid level	: 13
wp		: yes
flags		: fpu vme de pse tsc msr pae mce cx8 apic sep mtrr pge mca cmov pat pse36 clflush dts acpi mmx fxsr sse sse2 ss ht tm pbe syscall nx pdpe1gb rdtscp lm constant_tsc arch_perfmon pebs bts rep_good nopl xtopology nonstop_tsc aperfmperf eagerfpu pni pclmulqdq dtes64 monitor ds_cpl vmx est tm2 ssse3 fma cx16 xtpr pdcm pcid sse4_1 sse4_2 movbe popcnt tsc_deadline_timer aes xsave avx f16c rdrand lahf_lm abm ida arat epb xsaveopt pln pts dtherm tpr_shadow vnmi flexpriority ept vpid fsgsbase tsc_adjust bmi1 avx2 smep bmi2 erms invpcid
bogomips	: 4390.21
clflush size	: 64
cache_alignment	: 64
address sizes	: 39 bits physical, 48 bits virtual
power management:

processor	: 5
vendor_id	: GenuineIntel
cpu family	: 6
model		: 60
model name	: Intel(R) Core(TM) i7-4702MQ CPU @ 2.20GHz
stepping	: 3
microcode	: 0x16
cpu MHz		: 800.000
cache size	: 6144 KB
physical id	: 0
siblings	: 8
core id		: 2
cpu cores	: 4
apicid		: 5
initial apicid	: 5
fpu		: yes
fpu_exception	: yes
cpuid level	: 13
wp		: yes
flags		: fpu vme de pse tsc msr pae mce cx8 apic sep mtrr pge mca cmov pat pse36 clflush dts acpi mmx fxsr sse sse2 ss ht tm pbe syscall nx pdpe1gb rdtscp lm constant_tsc arch_perfmon pebs bts rep_good nopl xtopology nonstop_tsc aperfmperf eagerfpu pni pclmulqdq dtes64 monitor ds_cpl vmx est tm2 ssse3 fma cx16 xtpr pdcm pcid sse4_1 sse4_2 movbe popcnt tsc_deadline_timer aes xsave avx f16c rdrand lahf_lm abm ida arat epb xsaveopt pln pts dtherm tpr_shadow vnmi flexpriority ept vpid fsgsbase tsc_adjust bmi1 avx2 smep bmi2 erms invpcid
bogomips	: 4390.21
clflush size	: 64
cache_alignment	: 64
address sizes	: 39 bits physical, 48 bits virtual
power management:

processor	: 6
vendor_id	: GenuineIntel
cpu family	: 6
model		: 60
model name	: Intel(R) Core(TM) i7-4702MQ CPU @ 2.20GHz
stepping	: 3
microcode	: 0x16
cpu MHz		: 800.000
cache size	: 6144 KB
physical id	: 0
siblings	: 8
core id		: 3
cpu cores	: 4
apicid		: 6
initial apicid	: 6
fpu		: yes
fpu_exception	: yes
cpuid level	: 13
wp		: yes
flags		: fpu vme de pse tsc msr pae mce cx8 apic sep mtrr pge mca cmov pat pse36 clflush dts acpi mmx fxsr sse sse2 ss ht tm pbe syscall nx pdpe1gb rdtscp lm constant_tsc arch_perfmon pebs bts rep_good nopl xtopology nonstop_tsc aperfmperf eagerfpu pni pclmulqdq dtes64 monitor ds_cpl vmx est tm2 ssse3 fma cx16 xtpr pdcm pcid sse4_1 sse4_2 movbe popcnt tsc_deadline_timer aes xsave avx f16c rdrand lahf_lm abm ida arat epb xsaveopt pln pts dtherm tpr_shadow vnmi flexpriority ept vpid fsgsbase tsc_adjust bmi1 avx2 smep bmi2 erms invpcid
bogomips	: 4390.21
clflush size	: 64
cache_alignment	: 64
address sizes	: 39 bits physical, 48 bits virtual
power management:

processor	: 7
vendor_id	: GenuineIntel
cpu family	: 6
model		: 60
model name	: Intel(R) Core(TM) i7-4702MQ CPU @ 2.20GHz
stepping	: 3
microcode	: 0x16
cpu MHz		: 800.000
cache size	: 6144 KB
physical id	: 0
siblings	: 8
core id		: 3
cpu cores	: 4
apicid		: 7
initial apicid	: 7
fpu		: yes
fpu_exception	: yes
cpuid level	: 13
wp		: yes
flags		: fpu vme de pse tsc msr pae mce cx8 apic sep mtrr pge mca cmov pat pse36 clflush dts acpi mmx fxsr sse sse2 ss ht tm pbe syscall nx pdpe1gb rdtscp lm constant_tsc arch_perfmon pebs bts rep_good nopl xtopology nonstop_tsc aperfmperf eagerfpu pni pclmulqdq dtes64 monitor ds_cpl vmx est tm2 ssse3 fma cx16 xtpr pdcm pcid sse4_1 sse4_2 movbe popcnt tsc_deadline_timer aes xsave avx f16c rdrand lahf_lm abm ida arat epb xsaveopt pln pts dtherm tpr_shadow vnmi flexpriority ept vpid fsgsbase tsc_adjust bmi1 avx2 smep bmi2 erms invpcid
bogomips	: 4390.21
clflush size	: 64
cache_alignment	: 64
address sizes	: 39 bits physical, 48 bits virtual
power management:



Memory: 4k page, physical 8055368k(4915004k free), swap 7811068k(7811068k free)

vm_info: Java HotSpot(TM) 64-Bit Server VM (24.45-b08) for linux-amd64 JRE (1.7.0_45-b18), built on Oct  8 2013 05:44:25 by "java_re" with gcc 4.3.0 20080428 (Red Hat 4.3.0-8)

time: Wed Nov 13 13:15:40 2013
elapsed time: 0 seconds

