#
# A fatal error has been detected by the Java Runtime Environment:
#
#  SIGSEGV (0xb) at pc=0x0000000000000000, pid=7392, tid=140099100612352
#
# JRE version:  (7.0_45-b18) (build )
# Java VM: Java HotSpot(TM) 64-Bit Server VM (24.45-b08 mixed mode linux-amd64 compressed oops)
# Problematic frame:
# C  0x0000000000000000
#
# Failed to write core dump. Core dumps have been disabled. To enable core dumping, try "ulimit -c unlimited" before starting Java again
#
# If you would like to submit a bug report, please visit:
#   http://bugreport.sun.com/bugreport/crash.jsp
#

---------------  T H R E A D  ---------------

Current thread (0x00007f69d800a000):  JavaThread "main" [_thread_in_Java, id=7393, stack(0x00007f69dd201000,0x00007f6b5d202000)]

siginfo:si_signo=SIGSEGV: si_errno=0, si_code=1 (SEGV_MAPERR), si_addr=0x0000000000000000

Registers:
RAX=0x0000000000000000, RBX=0x000000077fe145b8, RCX=0x00000007d7000da0, RDX=0x0000000000500001
RSP=0x00007f6b5d1ff8c0, RBP=0x00007f6b5d1ff910, RSI=0x0000000000000001, RDI=0x00007f69d800a000
R8 =0x0000000000000006, R9 =0x0000000000005300, R10=0x00007f6b5e344c20, R11=0x00007f6b5d81fcf0
R12=0x0000000000000000, R13=0x00007f6b5d1ff8c8, R14=0x00007f6b5d1ff918, R15=0x00007f69d800a000
RIP=0x0000000000000000, EFLAGS=0x0000000000010246, CSGSFS=0x0000000000000033, ERR=0x0000000000000014
  TRAPNO=0x000000000000000e

Top of Stack: (sp=0x00007f6b5d1ff8c0)
0x00007f6b5d1ff8c0:   00007f69d5006350 00000007d7000da0
0x00007f6b5d1ff8d0:   00007f6b5d1ff8d0 000000077fe22d0b
0x00007f6b5d1ff8e0:   00007f6b5d1ff918 000000077fea4010
0x00007f6b5d1ff8f0:   0000000000000000 000000077fe22d48
0x00007f6b5d1ff900:   00007f6b5d1ff8c8 00007f6b5d1ff920
0x00007f6b5d1ff910:   00007f6b5d1ff980 00007f69d500050b
0x00007f6b5d1ff920:   00007fff00001fa0 00007f6b5d1ffb20
0x00007f6b5d1ff930:   00007f6b5d1ffa00 00007f6b5d1ffaa0
0x00007f6b5d1ff940:   00007f69d800a000 00007f69d800a9d8
0x00007f6b5d1ff950:   00007f6b5d1ff9c0 00007f6b5d1ffb28
0x00007f6b5d1ff960:   00007f690000000a 000000077fe22d48
0x00007f6b5d1ff970:   00007f69d5010e40 00007f6b5d1ffaa8
0x00007f6b5d1ff980:   00007f6b5d1ffa70 00007f6b5daff485
0x00007f6b5d1ff990:   00007f6900000000 00007f69d800a000
0x00007f6b5d1ff9a0:   00007f69d800a928 00007f6b5d1ff9c0
0x00007f6b5d1ff9b0:   00007f69d5010e40 000000000000000a
0x00007f6b5d1ff9c0:   00007f69d800a000 00007f69d8073ac0
0x00007f6b5d1ff9d0:   000000077fe22d48 0000000000000000
0x00007f6b5d1ff9e0:   00007f6b5d2003b0 00007f69d5013aaa
0x00007f6b5d1ff9f0:   00007f6b5d200400 00007f6b5d1ffb20
0x00007f6b5d1ffa00:   00007f69d800a000 00007f69d8007230
0x00007f6b5d1ffa10:   00007f69d800a820 00007f69d800a9e0
0x00007f6b5d1ffa20:   00007f69d800ac08 00000000000003d8
0x00007f6b5d1ffa30:   00007f6b5d1ffc40 00007f6b5eddaed0
0x00007f6b5d1ffa40:   00007f6b5edd94a0 000000077fe22d48
0x00007f6b5d1ffa50:   00007f69d800a000 00007f6b5d1ffbd0
0x00007f6b5d1ffa60:   000000077fe02b68 00007f6b5d1ffb50
0x00007f6b5d1ffa70:   00007f6b5d1ffa90 00007f6b5dafdee8
0x00007f6b5d1ffa80:   000000077fe22d48 00007f69d800a9d8
0x00007f6b5d1ffa90:   00007f6b5d1ffb40 00007f6b5dabfeca
0x00007f6b5d1ffaa0:   00007f69d8007200 00007f6b5d1ffae0
0x00007f6b5d1ffab0:   00007fff3b16ad01 0000000000000000 

Instructions: (pc=0x0000000000000000)
0xffffffffffffffe0:   

Register to memory mapping:

RAX=0x0000000000000000 is an unknown value
RBX=0x000000077fe145b8 is an oop
{method} 
 - klass: {other class}
RCX=0x00000007d7000da0 is an oop
java.lang.Class 
 - klass: 'java/lang/Class'
RDX=0x0000000000500001 is an unknown value
RSP=0x00007f6b5d1ff8c0 is pointing into the stack for thread: 0x00007f69d800a000
RBP=0x00007f6b5d1ff910 is pointing into the stack for thread: 0x00007f69d800a000
RSI=0x0000000000000001 is an unknown value
RDI=0x00007f69d800a000 is a thread
R8 =0x0000000000000006 is an unknown value
R9 =0x0000000000005300 is an unknown value
R10=0x00007f6b5e344c20: <offset 0xe3dc20> in /home/brent/Programs/Java/jdk1.7.0_45/jre/lib/amd64/server/libjvm.so at 0x00007f6b5d507000
R11=0x00007f6b5d81fcf0: <offset 0x318cf0> in /home/brent/Programs/Java/jdk1.7.0_45/jre/lib/amd64/server/libjvm.so at 0x00007f6b5d507000
R12=0x0000000000000000 is an unknown value
R13=0x00007f6b5d1ff8c8 is pointing into the stack for thread: 0x00007f69d800a000
R14=0x00007f6b5d1ff918 is pointing into the stack for thread: 0x00007f69d800a000
R15=0x00007f69d800a000 is a thread


Stack: [0x00007f69dd201000,0x00007f6b5d202000],  sp=0x00007f6b5d1ff8c0,  free space=6291450k

---------------  P R O C E S S  ---------------

Java Threads: ( => current thread )
=>0x00007f69d800a000 JavaThread "main" [_thread_in_Java, id=7393, stack(0x00007f69dd201000,0x00007f6b5d202000)]

Other Threads:
  0x00007f69d8072000 VMThread [stack: 0x00007f69bdf1d000,0x00007f69be01e000] [id=7402]

VM state:not at safepoint (normal execution)

VM Mutex/Monitor currently owned by a thread: None

Heap
 PSYoungGen      total 36864K, used 634K [0x00000007d7000000, 0x00000007d9900000, 0x0000000800000000)
  eden space 31744K, 2% used [0x00000007d7000000,0x00000007d709ebf0,0x00000007d8f00000)
  from space 5120K, 0% used [0x00000007d9400000,0x00000007d9400000,0x00000007d9900000)
  to   space 5120K, 0% used [0x00000007d8f00000,0x00000007d8f00000,0x00000007d9400000)
 ParOldGen       total 83968K, used 0K [0x0000000785000000, 0x000000078a200000, 0x00000007d7000000)
  object space 83968K, 0% used [0x0000000785000000,0x0000000785000000,0x000000078a200000)
 PSPermGen       total 21504K, used 790K [0x000000077fe00000, 0x0000000781300000, 0x0000000785000000)
  object space 21504K, 3% used [0x000000077fe00000,0x000000077fec5968,0x0000000781300000)

Card table byte_map: [0x00007f69d4bfe000,0x00007f69d5000000] byte_map_base: 0x00007f69d0fff000

Polling page: 0x00007f6b5ef8d000

Code Cache  [0x00007f69d5000000, 0x00007f69d5270000, 0x00007f69d8000000)
 total_blobs=61 nmethods=0 adapters=38 free_code_cache=48824Kb largest_free_block=49996032

Compilation events (0 events):
No events

GC Heap History (0 events):
No events

Deoptimization events (0 events):
No events

Internal exceptions (0 events):
No events

Events (10 events):
Event: 0.013 loading class 0x00007f6b5edd7900 done
Event: 0.013 loading class 0x00007f6b5edd78e0 done
Event: 0.013 loading class 0x00007f6b5ede3df0
Event: 0.013 loading class 0x00007f6b5ede3df0 done
Event: 0.014 loading class 0x00007f6b5ede0a70
Event: 0.014 loading class 0x00007f6b5ede0a70 done
Event: 0.014 loading class 0x00007f6b5ede8760
Event: 0.014 loading class 0x00007f6b5ede8760 done
Event: 0.014 loading class 0x00007f6b5ede8790
Event: 0.014 loading class 0x00007f6b5ede8790 done


Dynamic libraries:
00400000-00401000 r-xp 00000000 08:05 394382                             /home/brent/Programs/Java/jdk1.7.0_45/bin/java
00600000-00601000 rw-p 00000000 08:05 394382                             /home/brent/Programs/Java/jdk1.7.0_45/bin/java
024ae000-024cf000 rw-p 00000000 00:00 0                                  [heap]
77fe00000-781300000 rw-p 00000000 00:00 0 
781300000-785000000 rw-p 00000000 00:00 0 
785000000-78a200000 rw-p 00000000 00:00 0 
78a200000-7d7000000 rw-p 00000000 00:00 0 
7d7000000-7d9900000 rw-p 00000000 00:00 0 
7d9900000-800000000 rw-p 00000000 00:00 0 
7f699c000000-7f699c021000 rw-p 00000000 00:00 0 
7f699c021000-7f69a0000000 ---p 00000000 00:00 0 
7f69a3ff0000-7f69a8000000 rw-p 00000000 00:00 0 
7f69a8000000-7f69a8021000 rw-p 00000000 00:00 0 
7f69a8021000-7f69ac000000 ---p 00000000 00:00 0 
7f69b0000000-7f69b0021000 rw-p 00000000 00:00 0 
7f69b0021000-7f69b4000000 ---p 00000000 00:00 0 
7f69b8000000-7f69b8021000 rw-p 00000000 00:00 0 
7f69b8021000-7f69bc000000 ---p 00000000 00:00 0 
7f69bdf1d000-7f69bdf1e000 ---p 00000000 00:00 0 
7f69bdf1e000-7f69c0000000 rw-p 00000000 00:00 0                          [stack:7402]
7f69c0000000-7f69c0021000 rw-p 00000000 00:00 0 
7f69c0021000-7f69c4000000 ---p 00000000 00:00 0 
7f69c4000000-7f69c4021000 rw-p 00000000 00:00 0 
7f69c4021000-7f69c8000000 ---p 00000000 00:00 0 
7f69c8000000-7f69c8021000 rw-p 00000000 00:00 0 
7f69c8021000-7f69cc000000 ---p 00000000 00:00 0 
7f69cc000000-7f69cc021000 rw-p 00000000 00:00 0 
7f69cc021000-7f69d0000000 ---p 00000000 00:00 0 
7f69d0000000-7f69d0021000 rw-p 00000000 00:00 0 
7f69d0021000-7f69d4000000 ---p 00000000 00:00 0 
7f69d4014000-7f69d4035000 rw-p 00000000 00:00 0 
7f69d4035000-7f69d41f1000 r--s 039b2000 08:05 394911                     /home/brent/Programs/Java/jdk1.7.0_45/jre/lib/rt.jar
7f69d41f1000-7f69d4267000 rw-p 00000000 00:00 0 
7f69d4267000-7f69d4268000 ---p 00000000 00:00 0 
7f69d4268000-7f69d4368000 rw-p 00000000 00:00 0                          [stack:7401]
7f69d4368000-7f69d4369000 ---p 00000000 00:00 0 
7f69d4369000-7f69d4469000 rw-p 00000000 00:00 0                          [stack:7400]
7f69d4469000-7f69d446a000 ---p 00000000 00:00 0 
7f69d446a000-7f69d456a000 rw-p 00000000 00:00 0                          [stack:7399]
7f69d456a000-7f69d456b000 ---p 00000000 00:00 0 
7f69d456b000-7f69d466b000 rw-p 00000000 00:00 0                          [stack:7398]
7f69d466b000-7f69d466c000 ---p 00000000 00:00 0 
7f69d466c000-7f69d476c000 rw-p 00000000 00:00 0                          [stack:7397]
7f69d476c000-7f69d476d000 ---p 00000000 00:00 0 
7f69d476d000-7f69d486d000 rw-p 00000000 00:00 0                          [stack:7396]
7f69d486d000-7f69d486e000 ---p 00000000 00:00 0 
7f69d486e000-7f69d4997000 rw-p 00000000 00:00 0                          [stack:7395]
7f69d4997000-7f69d4bfe000 rw-p 00000000 00:00 0 
7f69d4bfe000-7f69d4c09000 rw-p 00000000 00:00 0 
7f69d4c09000-7f69d4c27000 rw-p 00000000 00:00 0 
7f69d4c27000-7f69d4c50000 rw-p 00000000 00:00 0 
7f69d4c50000-7f69d4eb7000 rw-p 00000000 00:00 0 
7f69d4eb7000-7f69d4ecc000 rw-p 00000000 00:00 0 
7f69d4ecc000-7f69d4fff000 rw-p 00000000 00:00 0 
7f69d4fff000-7f69d5000000 rw-p 00000000 00:00 0 
7f69d5000000-7f69d5270000 rwxp 00000000 00:00 0 
7f69d5270000-7f69d8077000 rw-p 00000000 00:00 0 
7f69d8077000-7f69dc000000 ---p 00000000 00:00 0 
7f69dc01d000-7f69dc068000 rw-p 00000000 00:00 0 
7f69dc068000-7f69dc069000 ---p 00000000 00:00 0 
7f69dc069000-7f69dc169000 rw-p 00000000 00:00 0                          [stack:7394]
7f69dc169000-7f69dc183000 r-xp 00000000 08:05 395172                     /home/brent/Programs/Java/jdk1.7.0_45/jre/lib/amd64/libzip.so
7f69dc183000-7f69dc383000 ---p 0001a000 08:05 395172                     /home/brent/Programs/Java/jdk1.7.0_45/jre/lib/amd64/libzip.so
7f69dc383000-7f69dc384000 rw-p 0001a000 08:05 395172                     /home/brent/Programs/Java/jdk1.7.0_45/jre/lib/amd64/libzip.so
7f69dc384000-7f69dc390000 r-xp 00000000 08:05 1212092                    /lib/x86_64-linux-gnu/libnss_files-2.17.so
7f69dc390000-7f69dc58f000 ---p 0000c000 08:05 1212092                    /lib/x86_64-linux-gnu/libnss_files-2.17.so
7f69dc58f000-7f69dc590000 r--p 0000b000 08:05 1212092                    /lib/x86_64-linux-gnu/libnss_files-2.17.so
7f69dc590000-7f69dc591000 rw-p 0000c000 08:05 1212092                    /lib/x86_64-linux-gnu/libnss_files-2.17.so
7f69dc591000-7f69dc59c000 r-xp 00000000 08:05 1212099                    /lib/x86_64-linux-gnu/libnss_nis-2.17.so
7f69dc59c000-7f69dc79b000 ---p 0000b000 08:05 1212099                    /lib/x86_64-linux-gnu/libnss_nis-2.17.so
7f69dc79b000-7f69dc79c000 r--p 0000a000 08:05 1212099                    /lib/x86_64-linux-gnu/libnss_nis-2.17.so
7f69dc79c000-7f69dc79d000 rw-p 0000b000 08:05 1212099                    /lib/x86_64-linux-gnu/libnss_nis-2.17.so
7f69dc79d000-7f69dc7b4000 r-xp 00000000 08:05 1212088                    /lib/x86_64-linux-gnu/libnsl-2.17.so
7f69dc7b4000-7f69dc9b3000 ---p 00017000 08:05 1212088                    /lib/x86_64-linux-gnu/libnsl-2.17.so
7f69dc9b3000-7f69dc9b4000 r--p 00016000 08:05 1212088                    /lib/x86_64-linux-gnu/libnsl-2.17.so
7f69dc9b4000-7f69dc9b5000 rw-p 00017000 08:05 1212088                    /lib/x86_64-linux-gnu/libnsl-2.17.so
7f69dc9b5000-7f69dc9b7000 rw-p 00000000 00:00 0 
7f69dc9b7000-7f69dc9bf000 r-xp 00000000 08:05 1212101                    /lib/x86_64-linux-gnu/libnss_compat-2.17.so
7f69dc9bf000-7f69dcbbe000 ---p 00008000 08:05 1212101                    /lib/x86_64-linux-gnu/libnss_compat-2.17.so
7f69dcbbe000-7f69dcbbf000 r--p 00007000 08:05 1212101                    /lib/x86_64-linux-gnu/libnss_compat-2.17.so
7f69dcbbf000-7f69dcbc0000 rw-p 00008000 08:05 1212101                    /lib/x86_64-linux-gnu/libnss_compat-2.17.so
7f69dcbc0000-7f69dcbe9000 r-xp 00000000 08:05 395163                     /home/brent/Programs/Java/jdk1.7.0_45/jre/lib/amd64/libjava.so
7f69dcbe9000-7f69dcde9000 ---p 00029000 08:05 395163                     /home/brent/Programs/Java/jdk1.7.0_45/jre/lib/amd64/libjava.so
7f69dcde9000-7f69dcdeb000 rw-p 00029000 08:05 395163                     /home/brent/Programs/Java/jdk1.7.0_45/jre/lib/amd64/libjava.so
7f69dcdeb000-7f69dcdf8000 r-xp 00000000 08:05 395152                     /home/brent/Programs/Java/jdk1.7.0_45/jre/lib/amd64/libverify.so
7f69dcdf8000-7f69dcff7000 ---p 0000d000 08:05 395152                     /home/brent/Programs/Java/jdk1.7.0_45/jre/lib/amd64/libverify.so
7f69dcff7000-7f69dcff9000 rw-p 0000c000 08:05 395152                     /home/brent/Programs/Java/jdk1.7.0_45/jre/lib/amd64/libverify.so
7f69dcff9000-7f69dd000000 r-xp 00000000 08:05 1212095                    /lib/x86_64-linux-gnu/librt-2.17.so
7f69dd000000-7f69dd1ff000 ---p 00007000 08:05 1212095                    /lib/x86_64-linux-gnu/librt-2.17.so
7f69dd1ff000-7f69dd200000 r--p 00006000 08:05 1212095                    /lib/x86_64-linux-gnu/librt-2.17.so
7f69dd200000-7f69dd201000 rw-p 00007000 08:05 1212095                    /lib/x86_64-linux-gnu/librt-2.17.so
7f69dd201000-7f69dd204000 ---p 00000000 00:00 0 
7f69dd204000-7f6b5d202000 rw-p 00000000 00:00 0                          [stack:7393]
7f6b5d202000-7f6b5d305000 r-xp 00000000 08:05 1212100                    /lib/x86_64-linux-gnu/libm-2.17.so
7f6b5d305000-7f6b5d505000 ---p 00103000 08:05 1212100                    /lib/x86_64-linux-gnu/libm-2.17.so
7f6b5d505000-7f6b5d506000 r--p 00103000 08:05 1212100                    /lib/x86_64-linux-gnu/libm-2.17.so
7f6b5d506000-7f6b5d507000 rw-p 00104000 08:05 1212100                    /lib/x86_64-linux-gnu/libm-2.17.so
7f6b5d507000-7f6b5e069000 r-xp 00000000 08:05 395170                     /home/brent/Programs/Java/jdk1.7.0_45/jre/lib/amd64/server/libjvm.so
7f6b5e069000-7f6b5e269000 ---p 00b62000 08:05 395170                     /home/brent/Programs/Java/jdk1.7.0_45/jre/lib/amd64/server/libjvm.so
7f6b5e269000-7f6b5e32c000 rw-p 00b62000 08:05 395170                     /home/brent/Programs/Java/jdk1.7.0_45/jre/lib/amd64/server/libjvm.so
7f6b5e32c000-7f6b5e36d000 rw-p 00000000 00:00 0 
7f6b5e36d000-7f6b5e52c000 r-xp 00000000 08:05 1212103                    /lib/x86_64-linux-gnu/libc-2.17.so
7f6b5e52c000-7f6b5e72b000 ---p 001bf000 08:05 1212103                    /lib/x86_64-linux-gnu/libc-2.17.so
7f6b5e72b000-7f6b5e72f000 r--p 001be000 08:05 1212103                    /lib/x86_64-linux-gnu/libc-2.17.so
7f6b5e72f000-7f6b5e731000 rw-p 001c2000 08:05 1212103                    /lib/x86_64-linux-gnu/libc-2.17.so
7f6b5e731000-7f6b5e736000 rw-p 00000000 00:00 0 
7f6b5e736000-7f6b5e739000 r-xp 00000000 08:05 1212091                    /lib/x86_64-linux-gnu/libdl-2.17.so
7f6b5e739000-7f6b5e938000 ---p 00003000 08:05 1212091                    /lib/x86_64-linux-gnu/libdl-2.17.so
7f6b5e938000-7f6b5e939000 r--p 00002000 08:05 1212091                    /lib/x86_64-linux-gnu/libdl-2.17.so
7f6b5e939000-7f6b5e93a000 rw-p 00003000 08:05 1212091                    /lib/x86_64-linux-gnu/libdl-2.17.so
7f6b5e93a000-7f6b5e950000 r-xp 00000000 08:05 393993                     /home/brent/Programs/Java/jdk1.7.0_45/lib/amd64/jli/libjli.so
7f6b5e950000-7f6b5eb50000 ---p 00016000 08:05 393993                     /home/brent/Programs/Java/jdk1.7.0_45/lib/amd64/jli/libjli.so
7f6b5eb50000-7f6b5eb51000 rw-p 00016000 08:05 393993                     /home/brent/Programs/Java/jdk1.7.0_45/lib/amd64/jli/libjli.so
7f6b5eb51000-7f6b5eb69000 r-xp 00000000 08:05 1212089                    /lib/x86_64-linux-gnu/libpthread-2.17.so
7f6b5eb69000-7f6b5ed68000 ---p 00018000 08:05 1212089                    /lib/x86_64-linux-gnu/libpthread-2.17.so
7f6b5ed68000-7f6b5ed69000 r--p 00017000 08:05 1212089                    /lib/x86_64-linux-gnu/libpthread-2.17.so
7f6b5ed69000-7f6b5ed6a000 rw-p 00018000 08:05 1212089                    /lib/x86_64-linux-gnu/libpthread-2.17.so
7f6b5ed6a000-7f6b5ed6e000 rw-p 00000000 00:00 0 
7f6b5ed6e000-7f6b5ed91000 r-xp 00000000 08:05 1212082                    /lib/x86_64-linux-gnu/ld-2.17.so
7f6b5ed95000-7f6b5ee8e000 rw-p 00000000 00:00 0 
7f6b5ee8e000-7f6b5eeac000 rw-p 00000000 00:00 0 
7f6b5eeac000-7f6b5eeb6000 rw-p 00000000 00:00 0 
7f6b5eeb6000-7f6b5ef6c000 rw-p 00000000 00:00 0 
7f6b5ef6c000-7f6b5ef70000 rw-p 00000000 00:00 0 
7f6b5ef84000-7f6b5ef8c000 rw-s 00000000 08:05 1061283                    /tmp/hsperfdata_brent/7392
7f6b5ef8c000-7f6b5ef8d000 rw-p 00000000 00:00 0 
7f6b5ef8d000-7f6b5ef8e000 r--p 00000000 00:00 0 
7f6b5ef8e000-7f6b5ef90000 rw-p 00000000 00:00 0 
7f6b5ef90000-7f6b5ef91000 r--p 00022000 08:05 1212082                    /lib/x86_64-linux-gnu/ld-2.17.so
7f6b5ef91000-7f6b5ef93000 rw-p 00023000 08:05 1212082                    /lib/x86_64-linux-gnu/ld-2.17.so
7fff3affd000-7fff3b01e000 rw-p 00000000 00:00 0                          [stack]
7fff3b16a000-7fff3b16c000 r-xp 00000000 00:00 0                          [vdso]
ffffffffff600000-ffffffffff601000 r-xp 00000000 00:00 0                  [vsyscall]

VM Arguments:
jvm_args: -Xss6g 
java_command: opgave15_6_it
Launcher Type: SUN_STANDARD

Environment Variables:
JAVA_HOME=/home/brent/Programs/Java/jdk1.7.0_45
CLASSPATH=/home/brent/Programs/Java/javautils//tio.jar:.:/home/brent/Programs/Java/javautils//tio.jar:.:/home/brent/Programs/Java/javautils//tio.jar:.:
PATH=/home/brent/Programs/Java/jdk1.7.0_45/bin:/home/brent/Programs/Java/jdk1.7.0_45/bin:/home/brent/Programs/Java/jdk1.7.0_45/bin:/usr/local/sbin:/usr/local/bin:/usr/sbin:/usr/bin:/sbin:/bin:/usr/games:/usr/local/games
USERNAME=brent
SHELL=/bin/bash
DISPLAY=:0

Signal Handlers:
SIGSEGV: [libjvm.so+0x9935b0], sa_mask[0]=0x7ffbfeff, sa_flags=0x10000004
SIGBUS: [libjvm.so+0x9935b0], sa_mask[0]=0x7ffbfeff, sa_flags=0x10000004
SIGFPE: [libjvm.so+0x810330], sa_mask[0]=0x7ffbfeff, sa_flags=0x10000004
SIGPIPE: [libjvm.so+0x810330], sa_mask[0]=0x7ffbfeff, sa_flags=0x10000004
SIGXFSZ: [libjvm.so+0x810330], sa_mask[0]=0x7ffbfeff, sa_flags=0x10000004
SIGILL: [libjvm.so+0x810330], sa_mask[0]=0x7ffbfeff, sa_flags=0x10000004
SIGUSR1: SIG_DFL, sa_mask[0]=0x00000000, sa_flags=0x00000000
SIGUSR2: [libjvm.so+0x811820], sa_mask[0]=0x00000000, sa_flags=0x10000004
SIGHUP: SIG_DFL, sa_mask[0]=0x00000000, sa_flags=0x00000000
SIGINT: SIG_DFL, sa_mask[0]=0x00000000, sa_flags=0x00000000
SIGTERM: SIG_DFL, sa_mask[0]=0x00000000, sa_flags=0x00000000
SIGQUIT: SIG_DFL, sa_mask[0]=0x00000000, sa_flags=0x00000000


---------------  S Y S T E M  ---------------

OS:wheezy/sid

uname:Linux 3.8.0-19-generic #29-Ubuntu SMP Wed Apr 17 18:16:28 UTC 2013 x86_64
libc:glibc 2.17 NPTL 2.17 
rlimit: STACK 8192k, CORE 0k, NPROC 62135, NOFILE 4096, AS infinity
load average:0.09 0.21 0.24

/proc/meminfo:
MemTotal:        8055368 kB
MemFree:         4915688 kB
Buffers:          787416 kB
Cached:          1529600 kB
SwapCached:            0 kB
Active:          1220496 kB
Inactive:        1699736 kB
Active(anon):     605820 kB
Inactive(anon):   337584 kB
Active(file):     614676 kB
Inactive(file):  1362152 kB
Unevictable:           0 kB
Mlocked:               0 kB
SwapTotal:       7811068 kB
SwapFree:        7811068 kB
Dirty:                28 kB
Writeback:             0 kB
AnonPages:        603624 kB
Mapped:           226160 kB
Shmem:            340192 kB
Slab:             116664 kB
SReclaimable:      85624 kB
SUnreclaim:        31040 kB
KernelStack:        3496 kB
PageTables:        21608 kB
NFS_Unstable:          0 kB
Bounce:                0 kB
WritebackTmp:          0 kB
CommitLimit:    11838752 kB
Committed_AS:    9739364 kB
VmallocTotal:   34359738367 kB
VmallocUsed:      824268 kB
VmallocChunk:   34358906364 kB
HardwareCorrupted:     0 kB
AnonHugePages:         0 kB
HugePages_Total:       0
HugePages_Free:        0
HugePages_Rsvd:        0
HugePages_Surp:        0
Hugepagesize:       2048 kB
DirectMap4k:       81920 kB
DirectMap2M:     1923072 kB
DirectMap1G:     6291456 kB


CPU:total 8 (4 cores per cpu, 2 threads per core) family 6 model 60 stepping 3, cmov, cx8, fxsr, mmx, sse, sse2, sse3, ssse3, sse4.1, sse4.2, popcnt, avx, avx2, aes, erms, ht, tsc, tscinvbit

/proc/cpuinfo:
processor	: 0
vendor_id	: GenuineIntel
cpu family	: 6
model		: 60
model name	: Intel(R) Core(TM) i7-4702MQ CPU @ 2.20GHz
stepping	: 3
microcode	: 0x16
cpu MHz		: 800.000
cache size	: 6144 KB
physical id	: 0
siblings	: 8
core id		: 0
cpu cores	: 4
apicid		: 0
initial apicid	: 0
fpu		: yes
fpu_exception	: yes
cpuid level	: 13
wp		: yes
flags		: fpu vme de pse tsc msr pae mce cx8 apic sep mtrr pge mca cmov pat pse36 clflush dts acpi mmx fxsr sse sse2 ss ht tm pbe syscall nx pdpe1gb rdtscp lm constant_tsc arch_perfmon pebs bts rep_good nopl xtopology nonstop_tsc aperfmperf eagerfpu pni pclmulqdq dtes64 monitor ds_cpl vmx est tm2 ssse3 fma cx16 xtpr pdcm pcid sse4_1 sse4_2 movbe popcnt tsc_deadline_timer aes xsave avx f16c rdrand lahf_lm abm ida arat epb xsaveopt pln pts dtherm tpr_shadow vnmi flexpriority ept vpid fsgsbase tsc_adjust bmi1 avx2 smep bmi2 erms invpcid
bogomips	: 4390.21
clflush size	: 64
cache_alignment	: 64
address sizes	: 39 bits physical, 48 bits virtual
power management:

processor	: 1
vendor_id	: GenuineIntel
cpu family	: 6
model		: 60
model name	: Intel(R) Core(TM) i7-4702MQ CPU @ 2.20GHz
stepping	: 3
microcode	: 0x16
cpu MHz		: 800.000
cache size	: 6144 KB
physical id	: 0
siblings	: 8
core id		: 0
cpu cores	: 4
apicid		: 1
initial apicid	: 1
fpu		: yes
fpu_exception	: yes
cpuid level	: 13
wp		: yes
flags		: fpu vme de pse tsc msr pae mce cx8 apic sep mtrr pge mca cmov pat pse36 clflush dts acpi mmx fxsr sse sse2 ss ht tm pbe syscall nx pdpe1gb rdtscp lm constant_tsc arch_perfmon pebs bts rep_good nopl xtopology nonstop_tsc aperfmperf eagerfpu pni pclmulqdq dtes64 monitor ds_cpl vmx est tm2 ssse3 fma cx16 xtpr pdcm pcid sse4_1 sse4_2 movbe popcnt tsc_deadline_timer aes xsave avx f16c rdrand lahf_lm abm ida arat epb xsaveopt pln pts dtherm tpr_shadow vnmi flexpriority ept vpid fsgsbase tsc_adjust bmi1 avx2 smep bmi2 erms invpcid
bogomips	: 4390.21
clflush size	: 64
cache_alignment	: 64
address sizes	: 39 bits physical, 48 bits virtual
power management:

processor	: 2
vendor_id	: GenuineIntel
cpu family	: 6
model		: 60
model name	: Intel(R) Core(TM) i7-4702MQ CPU @ 2.20GHz
stepping	: 3
microcode	: 0x16
cpu MHz		: 800.000
cache size	: 6144 KB
physical id	: 0
siblings	: 8
core id		: 1
cpu cores	: 4
apicid		: 2
initial apicid	: 2
fpu		: yes
fpu_exception	: yes
cpuid level	: 13
wp		: yes
flags		: fpu vme de pse tsc msr pae mce cx8 apic sep mtrr pge mca cmov pat pse36 clflush dts acpi mmx fxsr sse sse2 ss ht tm pbe syscall nx pdpe1gb rdtscp lm constant_tsc arch_perfmon pebs bts rep_good nopl xtopology nonstop_tsc aperfmperf eagerfpu pni pclmulqdq dtes64 monitor ds_cpl vmx est tm2 ssse3 fma cx16 xtpr pdcm pcid sse4_1 sse4_2 movbe popcnt tsc_deadline_timer aes xsave avx f16c rdrand lahf_lm abm ida arat epb xsaveopt pln pts dtherm tpr_shadow vnmi flexpriority ept vpid fsgsbase tsc_adjust bmi1 avx2 smep bmi2 erms invpcid
bogomips	: 4390.21
clflush size	: 64
cache_alignment	: 64
address sizes	: 39 bits physical, 48 bits virtual
power management:

processor	: 3
vendor_id	: GenuineIntel
cpu family	: 6
model		: 60
model name	: Intel(R) Core(TM) i7-4702MQ CPU @ 2.20GHz
stepping	: 3
microcode	: 0x16
cpu MHz		: 800.000
cache size	: 6144 KB
physical id	: 0
siblings	: 8
core id		: 1
cpu cores	: 4
apicid		: 3
initial apicid	: 3
fpu		: yes
fpu_exception	: yes
cpuid level	: 13
wp		: yes
flags		: fpu vme de pse tsc msr pae mce cx8 apic sep mtrr pge mca cmov pat pse36 clflush dts acpi mmx fxsr sse sse2 ss ht tm pbe syscall nx pdpe1gb rdtscp lm constant_tsc arch_perfmon pebs bts rep_good nopl xtopology nonstop_tsc aperfmperf eagerfpu pni pclmulqdq dtes64 monitor ds_cpl vmx est tm2 ssse3 fma cx16 xtpr pdcm pcid sse4_1 sse4_2 movbe popcnt tsc_deadline_timer aes xsave avx f16c rdrand lahf_lm abm ida arat epb xsaveopt pln pts dtherm tpr_shadow vnmi flexpriority ept vpid fsgsbase tsc_adjust bmi1 avx2 smep bmi2 erms invpcid
bogomips	: 4390.21
clflush size	: 64
cache_alignment	: 64
address sizes	: 39 bits physical, 48 bits virtual
power management:

processor	: 4
vendor_id	: GenuineIntel
cpu family	: 6
model		: 60
model name	: Intel(R) Core(TM) i7-4702MQ CPU @ 2.20GHz
stepping	: 3
microcode	: 0x16
cpu MHz		: 800.000
cache size	: 6144 KB
physical id	: 0
siblings	: 8
core id		: 2
cpu cores	: 4
apicid		: 4
initial apicid	: 4
fpu		: yes
fpu_exception	: yes
cpuid level	: 13
wp		: yes
flags		: fpu vme de pse tsc msr pae mce cx8 apic sep mtrr pge mca cmov pat pse36 clflush dts acpi mmx fxsr sse sse2 ss ht tm pbe syscall nx pdpe1gb rdtscp lm constant_tsc arch_perfmon pebs bts rep_good nopl xtopology nonstop_tsc aperfmperf eagerfpu pni pclmulqdq dtes64 monitor ds_cpl vmx est tm2 ssse3 fma cx16 xtpr pdcm pcid sse4_1 sse4_2 movbe popcnt tsc_deadline_timer aes xsave avx f16c rdrand lahf_lm abm ida arat epb xsaveopt pln pts dtherm tpr_shadow vnmi flexpriority ept vpid fsgsbase tsc_adjust bmi1 avx2 smep bmi2 erms invpcid
bogomips	: 4390.21
clflush size	: 64
cache_alignment	: 64
address sizes	: 39 bits physical, 48 bits virtual
power management:

processor	: 5
vendor_id	: GenuineIntel
cpu family	: 6
model		: 60
model name	: Intel(R) Core(TM) i7-4702MQ CPU @ 2.20GHz
stepping	: 3
microcode	: 0x16
cpu MHz		: 800.000
cache size	: 6144 KB
physical id	: 0
siblings	: 8
core id		: 2
cpu cores	: 4
apicid		: 5
initial apicid	: 5
fpu		: yes
fpu_exception	: yes
cpuid level	: 13
wp		: yes
flags		: fpu vme de pse tsc msr pae mce cx8 apic sep mtrr pge mca cmov pat pse36 clflush dts acpi mmx fxsr sse sse2 ss ht tm pbe syscall nx pdpe1gb rdtscp lm constant_tsc arch_perfmon pebs bts rep_good nopl xtopology nonstop_tsc aperfmperf eagerfpu pni pclmulqdq dtes64 monitor ds_cpl vmx est tm2 ssse3 fma cx16 xtpr pdcm pcid sse4_1 sse4_2 movbe popcnt tsc_deadline_timer aes xsave avx f16c rdrand lahf_lm abm ida arat epb xsaveopt pln pts dtherm tpr_shadow vnmi flexpriority ept vpid fsgsbase tsc_adjust bmi1 avx2 smep bmi2 erms invpcid
bogomips	: 4390.21
clflush size	: 64
cache_alignment	: 64
address sizes	: 39 bits physical, 48 bits virtual
power management:

processor	: 6
vendor_id	: GenuineIntel
cpu family	: 6
model		: 60
model name	: Intel(R) Core(TM) i7-4702MQ CPU @ 2.20GHz
stepping	: 3
microcode	: 0x16
cpu MHz		: 800.000
cache size	: 6144 KB
physical id	: 0
siblings	: 8
core id		: 3
cpu cores	: 4
apicid		: 6
initial apicid	: 6
fpu		: yes
fpu_exception	: yes
cpuid level	: 13
wp		: yes
flags		: fpu vme de pse tsc msr pae mce cx8 apic sep mtrr pge mca cmov pat pse36 clflush dts acpi mmx fxsr sse sse2 ss ht tm pbe syscall nx pdpe1gb rdtscp lm constant_tsc arch_perfmon pebs bts rep_good nopl xtopology nonstop_tsc aperfmperf eagerfpu pni pclmulqdq dtes64 monitor ds_cpl vmx est tm2 ssse3 fma cx16 xtpr pdcm pcid sse4_1 sse4_2 movbe popcnt tsc_deadline_timer aes xsave avx f16c rdrand lahf_lm abm ida arat epb xsaveopt pln pts dtherm tpr_shadow vnmi flexpriority ept vpid fsgsbase tsc_adjust bmi1 avx2 smep bmi2 erms invpcid
bogomips	: 4390.21
clflush size	: 64
cache_alignment	: 64
address sizes	: 39 bits physical, 48 bits virtual
power management:

processor	: 7
vendor_id	: GenuineIntel
cpu family	: 6
model		: 60
model name	: Intel(R) Core(TM) i7-4702MQ CPU @ 2.20GHz
stepping	: 3
microcode	: 0x16
cpu MHz		: 800.000
cache size	: 6144 KB
physical id	: 0
siblings	: 8
core id		: 3
cpu cores	: 4
apicid		: 7
initial apicid	: 7
fpu		: yes
fpu_exception	: yes
cpuid level	: 13
wp		: yes
flags		: fpu vme de pse tsc msr pae mce cx8 apic sep mtrr pge mca cmov pat pse36 clflush dts acpi mmx fxsr sse sse2 ss ht tm pbe syscall nx pdpe1gb rdtscp lm constant_tsc arch_perfmon pebs bts rep_good nopl xtopology nonstop_tsc aperfmperf eagerfpu pni pclmulqdq dtes64 monitor ds_cpl vmx est tm2 ssse3 fma cx16 xtpr pdcm pcid sse4_1 sse4_2 movbe popcnt tsc_deadline_timer aes xsave avx f16c rdrand lahf_lm abm ida arat epb xsaveopt pln pts dtherm tpr_shadow vnmi flexpriority ept vpid fsgsbase tsc_adjust bmi1 avx2 smep bmi2 erms invpcid
bogomips	: 4390.21
clflush size	: 64
cache_alignment	: 64
address sizes	: 39 bits physical, 48 bits virtual
power management:



Memory: 4k page, physical 8055368k(4915688k free), swap 7811068k(7811068k free)

vm_info: Java HotSpot(TM) 64-Bit Server VM (24.45-b08) for linux-amd64 JRE (1.7.0_45-b18), built on Oct  8 2013 05:44:25 by "java_re" with gcc 4.3.0 20080428 (Red Hat 4.3.0-8)

time: Wed Nov 13 13:15:36 2013
elapsed time: 0 seconds

